<?xml version="1.0" encoding="UTF-8"?>
<testng-results ignored="0" total="1" passed="1" failed="0" skipped="0">
  <reporter-output>
  </reporter-output>
  <suite started-at="2021-07-14T22:11:58 IST" name="Default suite" finished-at="2021-07-14T22:12:17 IST" duration-ms="18641">
    <groups>
    </groups>
    <test started-at="2021-07-14T22:11:58 IST" name="Default test" finished-at="2021-07-14T22:12:17 IST" duration-ms="18641">
      <class name="scenarios.HomePageTest">
        <test-method signature="requestQuoteTest()[pri:0, instance:scenarios.HomePageTest@769e7ee8]" started-at="2021-07-14T22:11:58 IST" name="requestQuoteTest" finished-at="2021-07-14T22:12:17 IST" duration-ms="18564" status="PASS">
          <reporter-output>
          </reporter-output>
        </test-method> <!-- requestQuoteTest -->
      </class> <!-- scenarios.HomePageTest -->
    </test> <!-- Default test -->
  </suite> <!-- Default suite -->
</testng-results>
